[02/Aug/2022:01:59:49] (I): WordPress Instance Info:
[02/Aug/2022:01:59:49] (I): Home URL : http://localhost/www.maryoraba.com
[02/Aug/2022:01:59:49] (I): Site URL : http://localhost/www.maryoraba.com
[02/Aug/2022:01:59:49] (I): WordPress Version : 6.0.1
[02/Aug/2022:01:59:49] (I): Onboarding Version : 1.1.25
[02/Aug/2022:01:59:49] (I): Multisite : No
[02/Aug/2022:01:59:49] (I): Server Info : Apache/2.4.53 (Win64) OpenSSL/1.1.1n PHP/8.1.6
[02/Aug/2022:01:59:49] (I): PHP Version : 8.1.6
[02/Aug/2022:01:59:49] (I): HTTPS : No
[02/Aug/2022:01:59:49] (I): PHP Max Execution Time : 120
[02/Aug/2022:01:59:49] (I): PHP Max Input Vars : 1000
[02/Aug/2022:01:59:49] (I): Max Upload Size : 41943040
[02/Aug/2022:01:59:49] (I): Plugins:
[02/Aug/2022:01:59:49] (I): [PLUGIN] Otter – Page Builder Blocks &amp; Extensions for Gutenberg : v2.0.9 (ThemeIsle)
[02/Aug/2022:01:59:49] (I): [PLUGIN] Templates Patterns Collection : v1.1.25 (ThemeIsle)
[02/Aug/2022:01:59:49] (I): [PLUGIN] WPForms Lite : v1.7.5.5 (WPForms)
[02/Aug/2022:01:59:49] (P): Saving remote XML
[02/Aug/2022:01:59:50] (S): Saved remote XML at path C:\xampp\htdocs\www.maryoraba.com/wp-content/uploads/themeisle-demo-import.xml.
[02/Aug/2022:01:59:50] (P): Starting content import...
[02/Aug/2022:01:59:50] (S): Import started.
[02/Aug/2022:01:59:50] (S): Parsing XML file.
[02/Aug/2022:01:59:50] (P): Starting parsing file:C:\xampp\htdocs\www.maryoraba.com/wp-content/uploads/themeisle-demo-import.xml
[02/Aug/2022:01:59:50] (P): Using WXR_Parser_SimpleXML...
[02/Aug/2022:01:59:50] (S): Parsed XML
[02/Aug/2022:01:59:50] (P): Processing categories...
[02/Aug/2022:01:59:50] (S): Processed categories.
[02/Aug/2022:01:59:50] (P): Processing tags...
[02/Aug/2022:01:59:50] (S): No tags to process.
[02/Aug/2022:01:59:50] (P): Processing terms...
[02/Aug/2022:01:59:51] (S): Processed terms.
[02/Aug/2022:01:59:51] (P): Processing posts...
[02/Aug/2022:01:59:51] (P): Processing attachment: https://s33834.pcdn.co/blogger-gb/wp-content/uploads/sites/388/2019/11/neve-minimal-blogger-04.jpg...
[02/Aug/2022:01:59:51] (P): Fetching attachment from url: https://s33834.pcdn.co/blogger-gb/wp-content/uploads/sites/388/2019/11/neve-minimal-blogger-04.jpg...
[02/Aug/2022:01:59:51] (S): Fetched remote attachment.
[02/Aug/2022:01:59:51] (P): Inserting attachment...
[02/Aug/2022:01:59:51] (S): Attachment inserted
[02/Aug/2022:01:59:52] (S): Processed attachment.
[02/Aug/2022:01:59:52] (P): Processing attachment: https://s33834.pcdn.co/blogger-gb/wp-content/uploads/sites/388/2019/11/neve-minimal-blogger-03.jpg...
[02/Aug/2022:01:59:52] (P): Fetching attachment from url: https://s33834.pcdn.co/blogger-gb/wp-content/uploads/sites/388/2019/11/neve-minimal-blogger-03.jpg...
[02/Aug/2022:01:59:52] (S): Fetched remote attachment.
[02/Aug/2022:01:59:52] (P): Inserting attachment...
[02/Aug/2022:01:59:52] (S): Attachment inserted
[02/Aug/2022:01:59:52] (S): Processed attachment.
[02/Aug/2022:01:59:52] (P): Processing attachment: https://s33834.pcdn.co/blogger-gb/wp-content/uploads/sites/388/2019/11/neve-minimal-blogger-02.jpg...
[02/Aug/2022:01:59:52] (P): Fetching attachment from url: https://s33834.pcdn.co/blogger-gb/wp-content/uploads/sites/388/2019/11/neve-minimal-blogger-02.jpg...
[02/Aug/2022:01:59:53] (S): Fetched remote attachment.
[02/Aug/2022:01:59:53] (P): Inserting attachment...
[02/Aug/2022:01:59:53] (S): Attachment inserted
[02/Aug/2022:01:59:53] (S): Processed attachment.
[02/Aug/2022:01:59:53] (P): Processing attachment: https://s33834.pcdn.co/blogger-gb/wp-content/uploads/sites/388/2019/11/neve-minimal-blogger-11.jpg...
[02/Aug/2022:01:59:53] (P): Fetching attachment from url: https://s33834.pcdn.co/blogger-gb/wp-content/uploads/sites/388/2019/11/neve-minimal-blogger-11.jpg...
[02/Aug/2022:01:59:53] (S): Fetched remote attachment.
[02/Aug/2022:01:59:53] (P): Inserting attachment...
[02/Aug/2022:01:59:53] (S): Attachment inserted
[02/Aug/2022:01:59:54] (S): Processed attachment.
[02/Aug/2022:01:59:54] (P): Processing attachment: https://s33834.pcdn.co/blogger-gb/wp-content/uploads/sites/388/2019/11/neve-minimal-blogger-12.png...
[02/Aug/2022:01:59:54] (P): Fetching attachment from url: https://s33834.pcdn.co/blogger-gb/wp-content/uploads/sites/388/2019/11/neve-minimal-blogger-12.png...
[02/Aug/2022:01:59:54] (S): Fetched remote attachment.
[02/Aug/2022:01:59:54] (P): Inserting attachment...
[02/Aug/2022:01:59:54] (S): Attachment inserted
[02/Aug/2022:01:59:54] (S): Processed attachment.
[02/Aug/2022:01:59:54] (P): Processing attachment: https://s33834.pcdn.co/blogger-gb/wp-content/uploads/sites/388/2019/11/neve-minimal-blogger-10.jpg...
[02/Aug/2022:01:59:54] (P): Fetching attachment from url: https://s33834.pcdn.co/blogger-gb/wp-content/uploads/sites/388/2019/11/neve-minimal-blogger-10.jpg...
[02/Aug/2022:01:59:54] (S): Fetched remote attachment.
[02/Aug/2022:01:59:54] (P): Inserting attachment...
[02/Aug/2022:01:59:55] (S): Attachment inserted
[02/Aug/2022:01:59:55] (S): Processed attachment.
[02/Aug/2022:01:59:55] (P): Processing attachment: https://s33834.pcdn.co/blogger-gb/wp-content/uploads/sites/388/2019/11/neve-minimal-blogger-01.jpg...
[02/Aug/2022:01:59:55] (P): Fetching attachment from url: https://s33834.pcdn.co/blogger-gb/wp-content/uploads/sites/388/2019/11/neve-minimal-blogger-01.jpg...
[02/Aug/2022:01:59:56] (S): Fetched remote attachment.
[02/Aug/2022:01:59:56] (P): Inserting attachment...
[02/Aug/2022:01:59:57] (S): Attachment inserted
[02/Aug/2022:01:59:58] (S): Processed attachment.
[02/Aug/2022:01:59:58] (P): Processing attachment: https://s33834.pcdn.co/blogger-gb/wp-content/uploads/sites/388/2019/11/neve-minimal-blogger-10-1.jpg...
[02/Aug/2022:01:59:58] (P): Fetching attachment from url: https://s33834.pcdn.co/blogger-gb/wp-content/uploads/sites/388/2019/11/neve-minimal-blogger-10-1.jpg...
[02/Aug/2022:01:59:58] (S): Fetched remote attachment.
[02/Aug/2022:01:59:58] (P): Inserting attachment...
[02/Aug/2022:01:59:59] (S): Attachment inserted
[02/Aug/2022:01:59:59] (S): Processed attachment.
[02/Aug/2022:01:59:59] (P): Processing attachment: https://s33834.pcdn.co/blogger-gb/wp-content/uploads/sites/388/2019/11/neve-minimal-blogger-09.jpg...
[02/Aug/2022:01:59:59] (P): Fetching attachment from url: https://s33834.pcdn.co/blogger-gb/wp-content/uploads/sites/388/2019/11/neve-minimal-blogger-09.jpg...
[02/Aug/2022:01:59:59] (S): Fetched remote attachment.
[02/Aug/2022:01:59:59] (P): Inserting attachment...
[02/Aug/2022:01:59:59] (S): Attachment inserted
[02/Aug/2022:02:00:00] (S): Processed attachment.
[02/Aug/2022:02:00:00] (P): Processing attachment: https://s33834.pcdn.co/blogger-gb/wp-content/uploads/sites/388/2019/11/neve-minimal-blogger-07.jpg...
[02/Aug/2022:02:00:00] (P): Fetching attachment from url: https://s33834.pcdn.co/blogger-gb/wp-content/uploads/sites/388/2019/11/neve-minimal-blogger-07.jpg...
[02/Aug/2022:02:00:00] (S): Fetched remote attachment.
[02/Aug/2022:02:00:00] (P): Inserting attachment...
[02/Aug/2022:02:00:01] (S): Attachment inserted
[02/Aug/2022:02:00:01] (S): Processed attachment.
[02/Aug/2022:02:00:02] (P): Processing attachment: https://s33834.pcdn.co/blogger-gb/wp-content/uploads/sites/388/2019/11/neve-minimal-blogger-05.jpg...
[02/Aug/2022:02:00:02] (P): Fetching attachment from url: https://s33834.pcdn.co/blogger-gb/wp-content/uploads/sites/388/2019/11/neve-minimal-blogger-05.jpg...
[02/Aug/2022:02:00:02] (S): Fetched remote attachment.
[02/Aug/2022:02:00:02] (P): Inserting attachment...
[02/Aug/2022:02:00:02] (S): Attachment inserted
[02/Aug/2022:02:00:02] (S): Processed attachment.
[02/Aug/2022:02:00:02] (P): Processing attachment: https://s33834.pcdn.co/blogger-gb/wp-content/uploads/sites/388/2019/11/neve-minimal-blogger-06.jpg...
[02/Aug/2022:02:00:02] (P): Fetching attachment from url: https://s33834.pcdn.co/blogger-gb/wp-content/uploads/sites/388/2019/11/neve-minimal-blogger-06.jpg...
[02/Aug/2022:02:00:03] (S): Fetched remote attachment.
[02/Aug/2022:02:00:03] (P): Inserting attachment...
[02/Aug/2022:02:00:03] (S): Attachment inserted
[02/Aug/2022:02:00:03] (S): Processed attachment.
[02/Aug/2022:02:00:03] (P): Processing attachment: https://s33834.pcdn.co/blogger-gb/wp-content/uploads/sites/388/2019/11/neve-minimal-blogger-08.jpg...
[02/Aug/2022:02:00:03] (P): Fetching attachment from url: https://s33834.pcdn.co/blogger-gb/wp-content/uploads/sites/388/2019/11/neve-minimal-blogger-08.jpg...
[02/Aug/2022:02:00:04] (S): Fetched remote attachment.
[02/Aug/2022:02:00:04] (P): Inserting attachment...
[02/Aug/2022:02:00:04] (S): Attachment inserted
[02/Aug/2022:02:00:04] (S): Processed attachment.
[02/Aug/2022:02:00:05] (P): Processing attachment: https://s33834.pcdn.co/blogger-gb/wp-content/uploads/sites/388/2020/10/neve-minimal-blogger-11-ogw6v2xhiykjkglcbcath685qobodkmr0r3cplch9s.jpg...
[02/Aug/2022:02:00:05] (P): Fetching attachment from url: https://s33834.pcdn.co/blogger-gb/wp-content/uploads/sites/388/2020/10/neve-minimal-blogger-11-ogw6v2xhiykjkglcbcath685qobodkmr0r3cplch9s.jpg...
[02/Aug/2022:02:00:05] (S): Fetched remote attachment.
[02/Aug/2022:02:00:05] (P): Inserting attachment...
[02/Aug/2022:02:00:05] (S): Attachment inserted
[02/Aug/2022:02:00:05] (S): Processed attachment.
[02/Aug/2022:02:00:06] (P): Processing attachment: https://s33834.pcdn.co/blogger-gb/wp-content/uploads/sites/388/2020/10/neve-minimal-blogger-06-1.jpg...
[02/Aug/2022:02:00:06] (P): Fetching attachment from url: https://s33834.pcdn.co/blogger-gb/wp-content/uploads/sites/388/2020/10/neve-minimal-blogger-06-1.jpg...
[02/Aug/2022:02:00:06] (S): Fetched remote attachment.
[02/Aug/2022:02:00:06] (P): Inserting attachment...
[02/Aug/2022:02:00:06] (S): Attachment inserted
[02/Aug/2022:02:00:06] (S): Processed attachment.
[02/Aug/2022:02:00:06] (P): Processing attachment: https://s33834.pcdn.co/blogger-gb/wp-content/uploads/sites/388/2020/10/neve-minimal-blogger-01-1.jpg...
[02/Aug/2022:02:00:06] (P): Fetching attachment from url: https://s33834.pcdn.co/blogger-gb/wp-content/uploads/sites/388/2020/10/neve-minimal-blogger-01-1.jpg...
[02/Aug/2022:02:00:07] (S): Fetched remote attachment.
[02/Aug/2022:02:00:07] (P): Inserting attachment...
[02/Aug/2022:02:00:07] (S): Attachment inserted
[02/Aug/2022:02:00:07] (S): Processed attachment.
[02/Aug/2022:02:00:07] (P): Processing attachment: https://s33834.pcdn.co/blogger-gb/wp-content/uploads/sites/388/2020/10/neve-minimal-blogger-02-1.jpg...
[02/Aug/2022:02:00:07] (P): Fetching attachment from url: https://s33834.pcdn.co/blogger-gb/wp-content/uploads/sites/388/2020/10/neve-minimal-blogger-02-1.jpg...
[02/Aug/2022:02:00:07] (S): Fetched remote attachment.
[02/Aug/2022:02:00:07] (P): Inserting attachment...
[02/Aug/2022:02:00:08] (S): Attachment inserted
[02/Aug/2022:02:00:08] (S): Processed attachment.
[02/Aug/2022:02:00:09] (P): Processing attachment: https://s33834.pcdn.co/blogger-gb/wp-content/uploads/sites/388/2020/10/neve-minimal-blogger-05-1.jpg...
[02/Aug/2022:02:00:09] (P): Fetching attachment from url: https://s33834.pcdn.co/blogger-gb/wp-content/uploads/sites/388/2020/10/neve-minimal-blogger-05-1.jpg...
[02/Aug/2022:02:00:09] (S): Fetched remote attachment.
[02/Aug/2022:02:00:09] (P): Inserting attachment...
[02/Aug/2022:02:00:11] (S): Attachment inserted
[02/Aug/2022:02:00:11] (S): Processed attachment.
[02/Aug/2022:02:00:11] (P): Processing attachment: https://s33834.pcdn.co/blogger-gb/wp-content/uploads/sites/388/2020/10/neve-minimal-blogger-07-1.jpg...
[02/Aug/2022:02:00:11] (P): Fetching attachment from url: https://s33834.pcdn.co/blogger-gb/wp-content/uploads/sites/388/2020/10/neve-minimal-blogger-07-1.jpg...
[02/Aug/2022:02:00:11] (S): Fetched remote attachment.
[02/Aug/2022:02:00:11] (P): Inserting attachment...
[02/Aug/2022:02:00:12] (S): Attachment inserted
[02/Aug/2022:02:00:12] (S): Processed attachment.
[02/Aug/2022:02:00:12] (P): Processing attachment: https://s33834.pcdn.co/blogger-gb/wp-content/uploads/sites/388/2020/10/neve-minimal-blogger-08-1.jpg...
[02/Aug/2022:02:00:12] (P): Fetching attachment from url: https://s33834.pcdn.co/blogger-gb/wp-content/uploads/sites/388/2020/10/neve-minimal-blogger-08-1.jpg...
[02/Aug/2022:02:00:12] (S): Fetched remote attachment.
[02/Aug/2022:02:00:12] (P): Inserting attachment...
[02/Aug/2022:02:00:12] (S): Attachment inserted
[02/Aug/2022:02:00:12] (S): Processed attachment.
[02/Aug/2022:02:00:12] (P): Inserting post: Minimalist books .
[02/Aug/2022:02:00:13] (S): Done inserting post: Minimalist books .
[02/Aug/2022:02:00:14] (P): Inserting page: News .
[02/Aug/2022:02:00:14] (S): Done inserting page: News .
[02/Aug/2022:02:00:15] (P): Inserting page: Home .
[02/Aug/2022:02:00:15] (S): Done inserting page: Home .
[02/Aug/2022:02:00:17] (P): Inserting page: About .
[02/Aug/2022:02:00:17] (S): Done inserting page: About .
[02/Aug/2022:02:00:18] (P): Inserting page: Contact .
[02/Aug/2022:02:00:18] (S): Done inserting page: Contact .
[02/Aug/2022:02:00:19] (P): Processing single menu item ' Contact '...
[02/Aug/2022:02:00:21] (S): Processed single menu item.
[02/Aug/2022:02:00:21] (P): Processing single menu item ' '...
[02/Aug/2022:02:00:22] (S): Processed single menu item.
[02/Aug/2022:02:00:22] (P): Inserting post: Why is living coral color of the year? .
[02/Aug/2022:02:00:22] (S): Done inserting post: Why is living coral color of the year? .
[02/Aug/2022:02:00:23] (P): Inserting post: Join Zabibas Global Giveaway .
[02/Aug/2022:02:00:23] (S): Done inserting post: Join Zabibas Global Giveaway .
[02/Aug/2022:02:00:24] (P): Inserting post: Venice Stay & Thoughts .
[02/Aug/2022:02:00:25] (S): Done inserting post: Venice Stay & Thoughts .
[02/Aug/2022:02:00:26] (P): Inserting post: Blog tips for beginners .
[02/Aug/2022:02:00:26] (S): Done inserting post: Blog tips for beginners .
[02/Aug/2022:02:00:27] (P): Inserting post: 2020 trends in home decor .
[02/Aug/2022:02:00:27] (S): Done inserting post: 2020 trends in home decor .
[02/Aug/2022:02:00:28] (P): Processing single menu item ' Home '...
[02/Aug/2022:02:00:29] (S): Processed single menu item.
[02/Aug/2022:02:00:29] (P): Processing single menu item ' '...
[02/Aug/2022:02:00:30] (S): Processed single menu item.
[02/Aug/2022:02:00:30] (P): Inserting wp_block: Page title .
[02/Aug/2022:02:00:30] (S): Done inserting wp_block: Page title .
[02/Aug/2022:02:00:30] (P): Inserting custom_css: neve .
[02/Aug/2022:02:00:30] (S): Done inserting custom_css: neve .
[02/Aug/2022:02:00:30] (P): Inserting wp_block: Contact Me .
[02/Aug/2022:02:00:30] (S): Done inserting wp_block: Contact Me .
[02/Aug/2022:02:00:30] (P): Processing attachment: https://s33834.pcdn.co/blogger-gb/wp-content/uploads/sites/388/2020/10/neve-minimal-blogger-10-1.jpg...
[02/Aug/2022:02:00:30] (P): Fetching attachment from url: https://s33834.pcdn.co/blogger-gb/wp-content/uploads/sites/388/2020/10/neve-minimal-blogger-10-1.jpg...
[02/Aug/2022:02:00:31] (S): Fetched remote attachment.
[02/Aug/2022:02:00:31] (P): Inserting attachment...
[02/Aug/2022:02:00:31] (S): Attachment inserted
[02/Aug/2022:02:00:31] (S): Processed attachment.
[02/Aug/2022:02:00:32] (P): Inserting custom_css: neve .
[02/Aug/2022:02:00:32] (S): Done inserting custom_css: neve .
[02/Aug/2022:02:00:32] (S): Processed posts.
[02/Aug/2022:02:00:33] (P): Cleaning up import with id ...
[02/Aug/2022:02:00:33] (P): Done cleanup. Flushing cache...
[02/Aug/2022:02:00:33] (P): Flushed cache. Removing temporary data..
[02/Aug/2022:02:00:33] (S): Done importing
[02/Aug/2022:02:00:33] (P): Busting elementor cache
[02/Aug/2022:02:00:33] (P): Busting woo cache
[02/Aug/2022:02:00:33] (S): Front page set up with id: 5.
